<?xml version="1.0" encoding="UTF-8"?>
<!-- Generated by org.testng.reporters.JUnitReportReporter -->
<testsuite hostname="HP" failures="0" tests="1" name="Package3.Shopping" time="24.738" errors="0" timestamp="2023-11-11T10:04:00 GST" skipped="0">
  <testcase classname="Package3.Shopping" name="Cart" time="24.738"/>
  <system-out/>
</testsuite> <!-- Package3.Shopping -->
