<?xml version="1.0" encoding="UTF-8"?>
<!-- Generated by org.testng.reporters.JUnitReportReporter -->
<testsuite hostname="HP" failures="0" tests="5" name="day06.Program02" time="0.028" errors="0" timestamp="2023-06-02T17:05:07 IST" skipped="0">
  <testcase classname="day06.Program02" name="testCases01" time="0.020"/>
  <system-out/>
  <testcase classname="day06.Program02" name="testCases04" time="0.001"/>
  <system-out/>
  <testcase classname="day06.Program02" name="testCases03" time="0.002"/>
  <system-out/>
  <testcase classname="day06.Program02" name="testCases05" time="0.002"/>
  <system-out/>
  <testcase classname="day06.Program02" name="testCases02" time="0.003"/>
  <system-out/>
</testsuite> <!-- day06.Program02 -->
