<?xml version="1.0" encoding="UTF-8"?>
<!-- Generated by org.testng.reporters.JUnitReportReporter -->
<testsuite hostname="HP" failures="0" tests="5" name="day06.Program03" time="0.038" errors="0" timestamp="2023-04-05T23:18:22 IST" skipped="0">
  <testcase classname="day06.Program03" name="testCases03" time="0.002"/>
  <system-out/>
  <testcase classname="day06.Program03" name="testCases02" time="0.003"/>
  <system-out/>
  <testcase classname="day06.Program03" name="testCases04" time="0.003"/>
  <system-out/>
  <testcase classname="day06.Program03" name="testCases01" time="0.028"/>
  <system-out/>
  <testcase classname="day06.Program03" name="testCases05" time="0.002"/>
  <system-out/>
</testsuite> <!-- day06.Program03 -->
