<?xml version="1.0" encoding="UTF-8"?>
<!-- Generated by org.testng.reporters.JUnitReportReporter -->
<testsuite hostname="HP" failures="0" tests="6" name="day06.Program05" time="0.035" errors="0" timestamp="2023-06-02T17:10:45 IST" skipped="0">
  <testcase classname="day06.Program05" name="testCases02" time="0.004"/>
  <system-out/>
  <testcase classname="day06.Program05" name="testCases03" time="0.005"/>
  <system-out/>
  <testcase classname="day06.Program05" name="testCases05" time="0.004"/>
  <system-out/>
  <testcase classname="day06.Program05" name="testCases06" time="0.004"/>
  <system-out/>
  <testcase classname="day06.Program05" name="testCases01" time="0.014"/>
  <system-out/>
  <testcase classname="day06.Program05" name="testCases04" time="0.004"/>
  <system-out/>
</testsuite> <!-- day06.Program05 -->
