<?xml version="1.0" encoding="UTF-8"?>
<!-- Generated by org.testng.reporters.JUnitReportReporter -->
<testsuite hostname="HP" failures="0" tests="3" name="day06.Program07" time="0.015" errors="0" timestamp="2023-06-02T17:19:12 IST" skipped="0">
  <testcase classname="day06.Program07" name="testCases09" time="0.002"/>
  <system-out/>
  <testcase classname="day06.Program07" name="testCases010" time="0.012"/>
  <system-out/>
  <testcase classname="day06.Program07" name="testCases07" time="0.001"/>
  <system-out/>
</testsuite> <!-- day06.Program07 -->
