<?xml version="1.0" encoding="UTF-8"?>
<!-- Generated by org.testng.reporters.JUnitReportReporter -->
<testsuite hostname="HP" failures="0" tests="1" name="Package2.Login_01" time="18.786" errors="0" timestamp="2023-11-07T17:54:04 GST" skipped="0">
  <testcase classname="Package2.Login_01" name="Test1" time="18.786"/>
  <system-out/>
</testsuite> <!-- Package2.Login_01 -->
