<?xml version="1.0" encoding="UTF-8"?>
<!-- Generated by org.testng.reporters.JUnitReportReporter -->
<testsuite hostname="HP" failures="0" tests="4" name="day07.Program02" time="0.007" errors="0" timestamp="2023-06-02T22:08:49 IST" skipped="0">
  <testcase classname="day07.Program02" name="testCases08" time="0.001"/>
  <system-out/>
  <testcase classname="day07.Program02" name="testCases07" time="0.002"/>
  <system-out/>
  <testcase classname="day07.Program02" name="testCases05" time="0.002"/>
  <system-out/>
  <testcase classname="day07.Program02" name="testCases06" time="0.002"/>
  <system-out/>
</testsuite> <!-- day07.Program02 -->
