<?xml version="1.0" encoding="UTF-8"?>
<!-- Generated by org.testng.reporters.JUnitReportReporter -->
<testsuite hostname="HP" failures="0" tests="1" name="Package1.Login" time="24.419" errors="0" timestamp="2023-11-06T23:53:46 GST" skipped="0">
  <testcase classname="Package1.Login" name="logintest" time="24.419"/>
  <system-out/>
</testsuite> <!-- Package1.Login -->
